\BOOKMARK [1][-]{section.1}{Introducci\363n}{}% 1
\BOOKMARK [1][-]{section.2}{Detecci\363n de anomal\355as}{}% 2
\BOOKMARK [2][-]{subsection.2.1}{Enfoque estad\355stico}{section.2}% 3
\BOOKMARK [2][-]{subsection.2.2}{Enfoque espectral}{section.2}% 4
\BOOKMARK [2][-]{subsection.2.3}{Enfoque basado en Machine Learning}{section.2}% 5
\BOOKMARK [2][-]{subsection.2.4}{Enfoque basado en Data Streaming}{section.2}% 6
\BOOKMARK [2][-]{subsection.2.5}{Comparaci\363n de los m\351todos o enfoques}{section.2}% 7
\BOOKMARK [1][-]{section.3}{Data Streaming}{}% 8
\BOOKMARK [2][-]{subsection.3.1}{El modelo de Data Streaming}{section.3}% 9
\BOOKMARK [3][-]{subsubsection.3.1.1}{Modelo de series de tiempo}{subsection.3.1}% 10
\BOOKMARK [3][-]{subsubsection.3.1.2}{Modelo de caja registradora}{subsection.3.1}% 11
\BOOKMARK [3][-]{subsubsection.3.1.3}{El modelo Turnstile}{subsection.3.1}% 12
\BOOKMARK [1][-]{section.4}{El problema de los elementos frecuentes}{}% 13
\BOOKMARK [2][-]{subsection.4.1}{Elementos frecuentes en data streams}{section.4}% 14
\BOOKMARK [3][-]{subsubsection.4.1.1}{Elementos frecuentes}{subsection.4.1}% 15
\BOOKMARK [3][-]{subsubsection.4.1.2}{-aproximaci\363n de elementos frecuentes}{subsection.4.1}% 16
\BOOKMARK [3][-]{subsubsection.4.1.3}{Estimaci\363n de la frecuencia de un elemento}{subsection.4.1}% 17
\BOOKMARK [2][-]{subsection.4.2}{Elementos frecuentes: un escenario de aplicaci\363n}{section.4}% 18
\BOOKMARK [1][-]{section.5}{T\351cnicas para encontrar elementos frecuentes}{}% 19
\BOOKMARK [2][-]{subsection.5.1}{T\351cnicas basadas en conteo}{section.5}% 20
\BOOKMARK [3][-]{subsubsection.5.1.1}{MAJORITY}{subsection.5.1}% 21
\BOOKMARK [3][-]{subsubsection.5.1.2}{FREQUENT}{subsection.5.1}% 22
\BOOKMARK [2][-]{subsection.5.2}{T\351cnicas basadas en sketches}{section.5}% 23
\BOOKMARK [3][-]{subsubsection.5.2.1}{Filtros Bloom}{subsection.5.2}% 24
\BOOKMARK [3][-]{subsubsection.5.2.2}{CountMin Sketch}{subsection.5.2}% 25
\BOOKMARK [2][-]{subsection.5.3}{Estructura de datos propuesta}{section.5}% 26
\BOOKMARK [3][-]{subsubsection.5.3.1}{Construcci\363n de las funciones de hash}{subsection.5.3}% 27
\BOOKMARK [3][-]{subsubsection.5.3.2}{Proceso de actualizaci\363n}{subsection.5.3}% 28
\BOOKMARK [3][-]{subsubsection.5.3.3}{Detecci\363n de heavy keys}{subsection.5.3}% 29
\BOOKMARK [2][-]{subsection.5.4}{Detecci\363n de anomal\355as en tr\341fico de red}{section.5}% 30
\BOOKMARK [1][-]{section.6}{Modelado del problema}{}% 31
\BOOKMARK [1][-]{section.7}{Dise\361o del sistema}{}% 32
\BOOKMARK [2][-]{subsection.7.1}{Arquitectura del sistema}{section.7}% 33
\BOOKMARK [2][-]{subsection.7.2}{Implementaci\363n del sistema}{section.7}% 34
\BOOKMARK [2][-]{subsection.7.3}{Recursos REST}{section.7}% 35
\BOOKMARK [2][-]{subsection.7.4}{Interfaz gr\341fica}{section.7}% 36
\BOOKMARK [1][-]{section.8}{Telemetr\355a}{}% 37
\BOOKMARK [1][-]{section.9}{Tecnolog\355as utilizadas}{}% 38
\BOOKMARK [2][-]{subsection.9.1}{Desarrollo del servicio principal}{section.9}% 39
\BOOKMARK [2][-]{subsection.9.2}{Base de datos clave-valor}{section.9}% 40
\BOOKMARK [2][-]{subsection.9.3}{Telemetr\355a}{section.9}% 41
\BOOKMARK [2][-]{subsection.9.4}{Monitoreo de los contenedores}{section.9}% 42
\BOOKMARK [1][-]{section.10}{Pruebas realizadas}{}% 43
\BOOKMARK [2][-]{subsection.10.1}{Patrones de eventos generados localmente}{section.10}% 44
\BOOKMARK [2][-]{subsection.10.2}{Trafico de red}{section.10}% 45
\BOOKMARK [2][-]{subsection.10.3}{Mejoras de performance}{section.10}% 46
\BOOKMARK [3][-]{subsubsection.10.3.1}{Implementaci\363n inicial: REST API}{subsection.10.3}% 47
\BOOKMARK [3][-]{subsubsection.10.3.2}{Nueva implementaci\363n: Messaging Queue}{subsection.10.3}% 48
\BOOKMARK [2][-]{subsection.10.4}{Pruebas de longevidad}{section.10}% 49
\BOOKMARK [1][-]{section.11}{Instalaci\363n}{}% 50
\BOOKMARK [1][-]{section.12}{Conclusiones}{}% 51
\BOOKMARK [1][-]{section.13}{Trabajos futuros}{}% 52
\BOOKMARK [1][-]{section.14}{Ap\351ndices}{}% 53
\BOOKMARK [2][-]{subsection.14.1}{Funciones de hash}{section.14}% 54
\BOOKMARK [3][-]{subsubsection.14.1.1}{Familias de funciones de hash}{subsection.14.1}% 55
\BOOKMARK [3][-]{subsubsection.14.1.2}{Familias de funciones de hash resistentes a colisiones}{subsection.14.1}% 56
\BOOKMARK [3][-]{subsubsection.14.1.3}{Funciones de hash universales}{subsection.14.1}% 57
\BOOKMARK [3][-]{subsubsection.14.1.4}{Construcci\363n de una familia de funciones de hash universal}{subsection.14.1}% 58
\BOOKMARK [2][-]{subsection.14.2}{Cabeceras de protocolos}{section.14}% 59
\BOOKMARK [3][-]{subsubsection.14.2.1}{Cabecera IP}{subsection.14.2}% 60
\BOOKMARK [3][-]{subsubsection.14.2.2}{Cabecera TCP}{subsection.14.2}% 61
\BOOKMARK [3][-]{subsubsection.14.2.3}{Cabecera UDP}{subsection.14.2}% 62
\BOOKMARK [1][-]{section.15}{Glosario}{}% 63
\BOOKMARK [1][-]{section.16}{Anexos}{}% 64
